"../../../Engine/Content/MobileResources/HUD/VirtualJoystick_Background.uasset" 0
"../../../Engine/Content/MobileResources/HUD/VirtualJoystick_Background.uexp" 1
"../../../Engine/Content/MobileResources/HUD/VirtualJoystick_Thumb.uasset" 2
"../../../Engine/Content/MobileResources/HUD/VirtualJoystick_Thumb.uexp" 3
"../../../Engine/Content/MobileResources/HUD/DefaultVirtualJoysticks.uasset" 4
"../../../Engine/Content/MobileResources/HUD/DefaultVirtualJoysticks.uexp" 5
"../../../Engine/Content/EngineMaterials/BlendFunc_DefBlend.uasset" 6
"../../../Engine/Content/EngineMaterials/BlendFunc_DefBlend.uexp" 7
"../../../Engine/Content/EngineMaterials/BlendFunc_DefBase.uasset" 8
"../../../Engine/Content/EngineMaterials/BlendFunc_DefBase.uexp" 9
"../../../Engine/Content/Functions/Engine_MaterialFunctions03/Blends/Blend_Overlay.uasset" 10
"../../../Engine/Content/Functions/Engine_MaterialFunctions03/Blends/Blend_Overlay.uexp" 11
"../../../Engine/Content/OpenWorldTemplate/LandscapeMaterial/T_GridChecker_A.ubulk" 12
"../../../Engine/Content/OpenWorldTemplate/LandscapeMaterial/T_GridChecker_A.uasset" 13
"../../../Engine/Content/OpenWorldTemplate/LandscapeMaterial/T_GridChecker_A.uexp" 14
"../../../Engine/Content/Functions/Engine_MaterialFunctions02/Utility/MakeFloat3.uasset" 15
"../../../Engine/Content/Functions/Engine_MaterialFunctions02/Utility/MakeFloat3.uexp" 16
"../../../Engine/Content/Functions/Engine_MaterialFunctions01/Gradient/LinearGradient.uasset" 17
"../../../Engine/Content/Functions/Engine_MaterialFunctions01/Gradient/LinearGradient.uexp" 18
"../../../Engine/Content/Functions/Engine_MaterialFunctions01/ImageAdjustment/CheapContrast.uasset" 19
"../../../Engine/Content/Functions/Engine_MaterialFunctions01/ImageAdjustment/CheapContrast.uexp" 20
"../../../Engine/Content/Functions/Engine_MaterialFunctions02/Utility/BreakOutFloat3Components.uasset" 21
"../../../Engine/Content/Functions/Engine_MaterialFunctions02/Utility/BreakOutFloat3Components.uexp" 22
"../../../Engine/Content/OpenWorldTemplate/LandscapeMaterial/MF_ProcGrid.uasset" 23
"../../../Engine/Content/OpenWorldTemplate/LandscapeMaterial/MF_ProcGrid.uexp" 24
"../../../Engine/Content/OpenWorldTemplate/LandscapeMaterial/M_ProcGrid.uasset" 25
"../../../Engine/Content/OpenWorldTemplate/LandscapeMaterial/M_ProcGrid.uexp" 26
"../../../Engine/Content/Functions/Engine_MaterialFunctions01/Shading/PowerToRoughness.uasset" 27
"../../../Engine/Content/Functions/Engine_MaterialFunctions01/Shading/PowerToRoughness.uexp" 28
"../../../Engine/Content/Functions/Engine_MaterialFunctions01/Shading/ConvertFromDiffSpec.uasset" 29
"../../../Engine/Content/Functions/Engine_MaterialFunctions01/Shading/ConvertFromDiffSpec.uexp" 30
"../../../Engine/Content/EngineSounds/Master.uasset" 31
"../../../Engine/Content/EngineSounds/Master.uexp" 32
"../../../Engine/Content/EngineSky/T_Sky_Stars.ubulk" 33
"../../../Engine/Content/EngineSky/T_Sky_Stars.uasset" 34
"../../../Engine/Content/EngineSky/T_Sky_Stars.uexp" 35
"../../../Engine/Content/EngineSky/T_Sky_Clouds_M.ubulk" 36
"../../../Engine/Content/EngineSky/T_Sky_Clouds_M.uasset" 37
"../../../Engine/Content/EngineSky/T_Sky_Clouds_M.uexp" 38
"../../../Engine/Content/EngineSky/T_Sky_Blue.ubulk" 39
"../../../Engine/Content/EngineSky/T_Sky_Blue.uasset" 40
"../../../Engine/Content/EngineSky/T_Sky_Blue.uexp" 41
"../../../Engine/Content/EngineSky/M_Sky_Panning_Clouds2.uasset" 42
"../../../Engine/Content/EngineSky/M_Sky_Panning_Clouds2.uexp" 43
"../../../Engine/Content/EngineSky/SM_SkySphere.ubulk" 44
"../../../Engine/Content/EngineSky/SM_SkySphere.uasset" 45
"../../../Engine/Content/EngineSky/SM_SkySphere.uexp" 46
"../../../Engine/Content/EngineSky/M_SimpleSkyDome.uasset" 47
"../../../Engine/Content/EngineSky/M_SimpleSkyDome.uexp" 48
"../../../Engine/Content/EngineSky/VolumetricClouds/CloudWeatherTexture.uasset" 49
"../../../Engine/Content/EngineSky/VolumetricClouds/CloudWeatherTexture.uexp" 50
"../../../Engine/Content/Functions/Engine_MaterialFunctions02/Utility/MakeFloat2.uasset" 51
"../../../Engine/Content/Functions/Engine_MaterialFunctions02/Utility/MakeFloat2.uexp" 52
"../../../Engine/Content/EngineSky/VolumetricClouds/CloudGradientTexture.uasset" 53
"../../../Engine/Content/EngineSky/VolumetricClouds/CloudGradientTexture.uexp" 54
"../../../Engine/Content/EngineSky/VolumetricClouds/T_NoiseShape64.ubulk" 55
"../../../Engine/Content/EngineSky/VolumetricClouds/T_NoiseShape64.uasset" 56
"../../../Engine/Content/EngineSky/VolumetricClouds/T_NoiseShape64.uexp" 57
"../../../Engine/Content/EngineSky/VolumetricClouds/T_VolumeNoiseShape64.uasset" 58
"../../../Engine/Content/EngineSky/VolumetricClouds/T_VolumeNoiseShape64.uexp" 59
"../../../Engine/Content/EngineSky/VolumetricClouds/T_NoiseErosion.ubulk" 60
"../../../Engine/Content/EngineSky/VolumetricClouds/T_NoiseErosion.uasset" 61
"../../../Engine/Content/EngineSky/VolumetricClouds/T_NoiseErosion.uexp" 62
"../../../Engine/Content/EngineSky/VolumetricClouds/T_VolumeNoiseErosion32.uasset" 63
"../../../Engine/Content/EngineSky/VolumetricClouds/T_VolumeNoiseErosion32.uexp" 64
"../../../Engine/Content/EngineSky/VolumetricClouds/m_SimpleVolumetricCloud.uasset" 65
"../../../Engine/Content/EngineSky/VolumetricClouds/m_SimpleVolumetricCloud.uexp" 66
"../../../Engine/Content/EngineSky/VolumetricClouds/m_SimpleVolumetricCloud_Inst.uasset" 67
"../../../Engine/Content/EngineSky/VolumetricClouds/m_SimpleVolumetricCloud_Inst.uexp" 68
"../../../Engine/Content/EngineResources/GradientTexture0.uasset" 69
"../../../Engine/Content/EngineResources/GradientTexture0.uexp" 70
"../../../Engine/Content/EngineResources/DefaultVolumeTexture2D.uasset" 71
"../../../Engine/Content/EngineResources/DefaultVolumeTexture2D.uexp" 72
"../../../Engine/Content/EngineResources/DefaultVolumeTexture.uasset" 73
"../../../Engine/Content/EngineResources/DefaultVolumeTexture.uexp" 74
"../../../Engine/Content/EngineResources/DefaultTextureCube.uasset" 75
"../../../Engine/Content/EngineResources/DefaultTextureCube.uexp" 76
"../../../Engine/Content/EngineResources/DefaultTexture.ubulk" 77
"../../../Engine/Content/EngineResources/DefaultTexture.uasset" 78
"../../../Engine/Content/EngineResources/DefaultTexture.uexp" 79
"../../../Engine/Content/EngineResources/Black.uasset" 80
"../../../Engine/Content/EngineResources/Black.uexp" 81
"../../../Engine/Content/EngineResources/FilmGrains/Marcie_Grain_v3_128_M2_000.uasset" 82
"../../../Engine/Content/EngineResources/FilmGrains/Marcie_Grain_v3_128_M2_000.uexp" 83
"../../../Engine/Content/EngineMeshes/Sphere.ubulk" 84
"../../../Engine/Content/EngineMeshes/Sphere.uasset" 85
"../../../Engine/Content/EngineMeshes/Sphere.uexp" 86
"../../../Engine/Content/EngineResources/WhiteSquareTexture.uasset" 87
"../../../Engine/Content/EngineResources/WhiteSquareTexture.uexp" 88
"../../../Engine/Content/EngineMaterials/Widget3DPassThrough.uasset" 89
"../../../Engine/Content/EngineMaterials/Widget3DPassThrough.uexp" 90
"../../../Engine/Content/EngineMaterials/Widget3DPassThrough_Translucent.uasset" 91
"../../../Engine/Content/EngineMaterials/Widget3DPassThrough_Translucent.uexp" 92
"../../../Engine/Content/EngineMaterials/Widget3DPassThrough_Translucent_OneSided.uasset" 93
"../../../Engine/Content/EngineMaterials/Widget3DPassThrough_Translucent_OneSided.uexp" 94
"../../../Engine/Content/EngineMaterials/Widget3DPassThrough_Opaque.uasset" 95
"../../../Engine/Content/EngineMaterials/Widget3DPassThrough_Opaque.uexp" 96
"../../../Engine/Content/EngineMaterials/Widget3DPassThrough_Opaque_OneSided.uasset" 97
"../../../Engine/Content/EngineMaterials/Widget3DPassThrough_Opaque_OneSided.uexp" 98
"../../../Engine/Content/EngineMaterials/Widget3DPassThrough_Masked_OneSided.uasset" 99
"../../../Engine/Content/EngineMaterials/Widget3DPassThrough_Masked_OneSided.uexp" 100
"../../../Engine/Content/EngineMaterials/Widget3DPassThrough_Masked.uasset" 101
"../../../Engine/Content/EngineMaterials/Widget3DPassThrough_Masked.uexp" 102
"../../../Engine/Content/EngineMaterials/WeightMapPlaceholderTexture.uasset" 103
"../../../Engine/Content/EngineMaterials/WeightMapPlaceholderTexture.uexp" 104
"../../../Engine/Content/EngineMaterials/RemoveSurfaceMaterial.uasset" 105
"../../../Engine/Content/EngineMaterials/RemoveSurfaceMaterial.uexp" 106
"../../../Engine/Content/EngineMaterials/PreintegratedSkinBRDF.uasset" 107
"../../../Engine/Content/EngineMaterials/PreintegratedSkinBRDF.uexp" 108
"../../../Engine/Content/EngineMaterials/DefaultCalibrationGrayscale.uasset" 109
"../../../Engine/Content/EngineMaterials/DefaultCalibrationGrayscale.uexp" 110
"../../../Engine/Content/EngineMaterials/PPM_DefaultCalibrationGrayscale.uasset" 111
"../../../Engine/Content/EngineMaterials/PPM_DefaultCalibrationGrayscale.uexp" 112
"../../../Engine/Content/EngineMaterials/DefaultCalibrationColor.uasset" 113
"../../../Engine/Content/EngineMaterials/DefaultCalibrationColor.uexp" 114
"../../../Engine/Content/EngineMaterials/PPM_DefaultCalibrationColor.uasset" 115
"../../../Engine/Content/EngineMaterials/PPM_DefaultCalibrationColor.uexp" 116
"../../../Engine/Content/Functions/Engine_MaterialFunctions02/WorldPositionOffset/CameraOffset.uasset" 117
"../../../Engine/Content/Functions/Engine_MaterialFunctions02/WorldPositionOffset/CameraOffset.uexp" 118
"../../../Engine/Content/EngineMaterials/PhAT_JointLimitMaterial.uasset" 119
"../../../Engine/Content/EngineMaterials/PhAT_JointLimitMaterial.uexp" 120
"../../../Engine/Content/EngineMaterials/InvalidLightmapSettings.ubulk" 121
"../../../Engine/Content/EngineMaterials/InvalidLightmapSettings.uasset" 122
"../../../Engine/Content/EngineMaterials/InvalidLightmapSettings.uexp" 123
"../../../Engine/Content/EngineMaterials/M_InvalidLightmapSettings.uasset" 124
"../../../Engine/Content/EngineMaterials/M_InvalidLightmapSettings.uexp" 125
"../../../Engine/Content/EngineMaterials/MiniFont.uasset" 126
"../../../Engine/Content/EngineMaterials/MiniFont.uexp" 127
"../../../Engine/Content/EngineMaterials/Good64x64TilingNoiseHighFreq.uasset" 128
"../../../Engine/Content/EngineMaterials/Good64x64TilingNoiseHighFreq.uexp" 129
"../../../Engine/Content/EngineMaterials/GizmoMaterial.uasset" 130
"../../../Engine/Content/EngineMaterials/GizmoMaterial.uexp" 131
"../../../Engine/Content/EngineMaterials/BaseFlattenEmissiveMap_VT.uasset" 132
"../../../Engine/Content/EngineMaterials/BaseFlattenEmissiveMap_VT.uexp" 133
"../../../Engine/Content/EngineMaterials/BaseFlattenGrayscaleMap_VT.uasset" 134
"../../../Engine/Content/EngineMaterials/BaseFlattenGrayscaleMap_VT.uexp" 135
"../../../Engine/Content/EngineMaterials/BaseFlattenLinearColor_VT.uasset" 136
"../../../Engine/Content/EngineMaterials/BaseFlattenLinearColor_VT.uexp" 137
"../../../Engine/Content/EngineMaterials/Black_1x1_EXR_Texture_VT.uasset" 138
"../../../Engine/Content/EngineMaterials/Black_1x1_EXR_Texture_VT.uexp" 139
"../../../Engine/Content/EngineMaterials/BaseFlattenDiffuseMap_VT.uasset" 140
"../../../Engine/Content/EngineMaterials/BaseFlattenDiffuseMap_VT.uexp" 141
"../../../Engine/Content/EngineMaterials/BaseFlattenNormalMap_VT.uasset" 142
"../../../Engine/Content/EngineMaterials/BaseFlattenNormalMap_VT.uexp" 143
"../../../Engine/Content/EngineMaterials/FlattenMaterial_WS_Normal_VT.uasset" 144
"../../../Engine/Content/EngineMaterials/FlattenMaterial_WS_Normal_VT.uexp" 145
"../../../Engine/Content/EngineMaterials/FlattenMaterial_VT.uasset" 146
"../../../Engine/Content/EngineMaterials/FlattenMaterial_VT.uexp" 147
"../../../Engine/Content/EngineMaterials/BaseFlattenNormalMap.uasset" 148
"../../../Engine/Content/EngineMaterials/BaseFlattenNormalMap.uexp" 149
"../../../Engine/Content/EngineMaterials/BaseFlattenGrayscaleMap.uasset" 150
"../../../Engine/Content/EngineMaterials/BaseFlattenGrayscaleMap.uexp" 151
"../../../Engine/Content/EngineMaterials/BaseFlattenDiffuseMap.uasset" 152
"../../../Engine/Content/EngineMaterials/BaseFlattenDiffuseMap.uexp" 153
"../../../Engine/Content/Functions/Engine_MaterialFunctions02/PivotPainter2/Black_1x1_EXR_Texture.uasset" 154
"../../../Engine/Content/Functions/Engine_MaterialFunctions02/PivotPainter2/Black_1x1_EXR_Texture.uexp" 155
"../../../Engine/Content/EngineMaterials/BaseFlattenEmissiveMap.uasset" 156
"../../../Engine/Content/EngineMaterials/BaseFlattenEmissiveMap.uexp" 157
"../../../Engine/Content/EngineMaterials/BaseFlattenLinearColor.uasset" 158
"../../../Engine/Content/EngineMaterials/BaseFlattenLinearColor.uexp" 159
"../../../Engine/Content/EngineMaterials/FlattenMaterial.uasset" 160
"../../../Engine/Content/EngineMaterials/FlattenMaterial.uexp" 161
"../../../Engine/Content/EngineMaterials/DefaultWhiteGrid_Low.uasset" 162
"../../../Engine/Content/EngineMaterials/DefaultWhiteGrid_Low.uexp" 163
"../../../Engine/Content/EngineMaterials/EmissiveMeshMaterial.uasset" 164
"../../../Engine/Content/EngineMaterials/EmissiveMeshMaterial.uexp" 165
"../../../Engine/Content/EngineMaterials/DefaultWhiteGrid.ubulk" 166
"../../../Engine/Content/EngineMaterials/DefaultWhiteGrid.uasset" 167
"../../../Engine/Content/EngineMaterials/DefaultWhiteGrid.uexp" 168
"../../../Engine/Content/EngineFonts/RobotoDistanceField.uasset" 169
"../../../Engine/Content/EngineFonts/RobotoDistanceField.uexp" 170
"../../../Engine/Content/EngineMaterials/DefaultTextMaterialOpaque.uasset" 171
"../../../Engine/Content/EngineMaterials/DefaultTextMaterialOpaque.uexp" 172
"../../../Engine/Content/EngineMaterials/DefaultDiffuse.ubulk" 173
"../../../Engine/Content/EngineMaterials/DefaultDiffuse.uasset" 174
"../../../Engine/Content/EngineMaterials/DefaultDiffuse.uexp" 175
"../../../Engine/Content/Functions/Engine_MaterialFunctions02/Utility/BreakOutFloat2Components.uasset" 176
"../../../Engine/Content/Functions/Engine_MaterialFunctions02/Utility/BreakOutFloat2Components.uexp" 177
"../../../Engine/Content/EngineMaterials/DefaultPostProcessMaterial.uasset" 178
"../../../Engine/Content/EngineMaterials/DefaultPostProcessMaterial.uexp" 179
"../../../Engine/Content/EngineMaterials/DefaultPhysicalMaterial.uasset" 180
"../../../Engine/Content/EngineMaterials/DefaultPhysicalMaterial.uexp" 181
"../../../Engine/Content/EngineMaterials/DefaultLightFunctionMaterial.uasset" 182
"../../../Engine/Content/EngineMaterials/DefaultLightFunctionMaterial.uexp" 183
"../../../Engine/Content/EngineMaterials/DefaultDestructiblePhysicalMaterial.uasset" 184
"../../../Engine/Content/EngineMaterials/DefaultDestructiblePhysicalMaterial.uexp" 185
"../../../Engine/Content/EngineMaterials/DefaultDeferredDecalMaterial.uasset" 186
"../../../Engine/Content/EngineMaterials/DefaultDeferredDecalMaterial.uexp" 187
"../../../Engine/Content/EngineMaterials/DefaultBokeh.uasset" 188
"../../../Engine/Content/EngineMaterials/DefaultBokeh.uexp" 189
"../../../Engine/Content/EngineMaterials/DefaultBloomKernel.uasset" 190
"../../../Engine/Content/EngineMaterials/DefaultBloomKernel.uexp" 191
"../../../Engine/Content/EngineMaterials/BlueNoise.uasset" 192
"../../../Engine/Content/EngineMaterials/BlueNoise.uexp" 193
"../../../Engine/Content/EngineFonts/Faces/RobotoLight.uexp" 194
"../../../Engine/Content/EngineFonts/Faces/RobotoLight.uasset" 195
"../../../Engine/Content/EngineFonts/Faces/RobotoLight.ufont" 196
"../../../Engine/Content/EngineFonts/Faces/RobotoBold.uexp" 197
"../../../Engine/Content/EngineFonts/Faces/RobotoBold.uasset" 198
"../../../Engine/Content/EngineFonts/Faces/RobotoBold.ufont" 199
"../../../Engine/Content/EngineFonts/Faces/RobotoRegular.uexp" 200
"../../../Engine/Content/EngineFonts/Faces/RobotoRegular.uasset" 201
"../../../Engine/Content/EngineFonts/Faces/RobotoRegular.ufont" 202
"../../../Engine/Content/EngineFonts/Faces/DroidSansFallback.uexp" 203
"../../../Engine/Content/EngineFonts/Faces/DroidSansFallback.uasset" 204
"../../../Engine/Content/EngineFonts/Faces/DroidSansFallback.ufont" 205
"../../../Engine/Content/EngineFonts/Faces/RobotoItalic.uexp" 206
"../../../Engine/Content/EngineFonts/Faces/RobotoItalic.uasset" 207
"../../../Engine/Content/EngineFonts/Faces/RobotoItalic.ufont" 208
"../../../Engine/Content/EngineFonts/Faces/RobotoBoldItalic.uexp" 209
"../../../Engine/Content/EngineFonts/Faces/RobotoBoldItalic.uasset" 210
"../../../Engine/Content/EngineFonts/Faces/RobotoBoldItalic.ufont" 211
"../../../Engine/Content/EngineFonts/Roboto.uasset" 212
"../../../Engine/Content/EngineFonts/Roboto.uexp" 213
"../../../Engine/Content/Functions/Engine_MaterialFunctions02/Utility/CameraDirectionVector.uasset" 214
"../../../Engine/Content/Functions/Engine_MaterialFunctions02/Utility/CameraDirectionVector.uexp" 215
"../../../Engine/Content/EngineDebugMaterials/VolumeToRender.uasset" 216
"../../../Engine/Content/EngineDebugMaterials/VolumeToRender.uexp" 217
"../../../Engine/Content/EngineDebugMaterials/M_VolumeRenderSphereTracePP.uasset" 218
"../../../Engine/Content/EngineDebugMaterials/M_VolumeRenderSphereTracePP.uexp" 219
"../../../Engine/Content/EngineDebugMaterials/M_SimpleUnlitTranslucent.uasset" 220
"../../../Engine/Content/EngineDebugMaterials/M_SimpleUnlitTranslucent.uexp" 221
"../../../Engine/Content/EngineDebugMaterials/DebugMeshMaterial.uasset" 222
"../../../Engine/Content/EngineDebugMaterials/DebugMeshMaterial.uexp" 223
"../../../Engine/Content/EngineDebugMaterials/DebugEditorMaterial.uasset" 224
"../../../Engine/Content/EngineDebugMaterials/DebugEditorMaterial.uexp" 225
"../../../Engine/Content/EngineDamageTypes/DmgTypeBP_Environmental.uasset" 226
"../../../Engine/Content/EngineDamageTypes/DmgTypeBP_Environmental.uexp" 227
"../../../Engine/Content/EditorResources/S_TriggerSphere.uasset" 228
"../../../Engine/Content/EditorResources/S_TriggerSphere.uexp" 229
"../../../Engine/Content/EditorResources/S_TriggerCapsule.uasset" 230
"../../../Engine/Content/EditorResources/S_TriggerCapsule.uexp" 231
"../../../Engine/Content/EditorResources/S_TriggerBox.uasset" 232
"../../../Engine/Content/EditorResources/S_TriggerBox.uexp" 233
"../../../Engine/Content/EditorResources/S_Trigger.ubulk" 234
"../../../Engine/Content/EditorResources/S_Trigger.uasset" 235
"../../../Engine/Content/EditorResources/S_Trigger.uexp" 236
"../../../Engine/Content/EditorResources/S_Terrain.ubulk" 237
"../../../Engine/Content/EditorResources/S_Terrain.uasset" 238
"../../../Engine/Content/EditorResources/S_Terrain.uexp" 239
"../../../Engine/Content/EditorResources/S_Solver.ubulk" 240
"../../../Engine/Content/EditorResources/S_Solver.uasset" 241
"../../../Engine/Content/EditorResources/S_Solver.uexp" 242
"../../../Engine/Content/EditorResources/S_BoxReflectionCapture.uasset" 243
"../../../Engine/Content/EditorResources/S_BoxReflectionCapture.uexp" 244
"../../../Engine/Content/EditorResources/S_Actor.ubulk" 245
"../../../Engine/Content/EditorResources/S_Actor.uasset" 246
"../../../Engine/Content/EditorResources/S_Actor.uexp" 247
"../../../Engine/Content/EditorResources/EmptyActor.uasset" 248
"../../../Engine/Content/EditorResources/EmptyActor.uexp" 249
"../../../Engine/Content/EditorResources/BSPVertex.uasset" 250
"../../../Engine/Content/EditorResources/BSPVertex.uexp" 251
"../../../Engine/Content/EditorResources/SequenceRecorder/RecordingIndicator.uasset" 252
"../../../Engine/Content/EditorResources/SequenceRecorder/RecordingIndicator.uexp" 253
"../../../Engine/Content/EditorResources/SequenceRecorder/Countdown.uasset" 254
"../../../Engine/Content/EditorResources/SequenceRecorder/Countdown.uexp" 255
"../../../Engine/Content/Tutorial/ContentIntroCurve.uasset" 256
"../../../Engine/Content/Tutorial/ContentIntroCurve.uexp" 257
"../../../Engine/Content/EditorMaterials/Camera/CineMat.uasset" 258
"../../../Engine/Content/EditorMaterials/Camera/CineMat.uexp" 259
"../../../Engine/Content/EditorMaterials/Camera/MI_CineMat_Rig.uasset" 260
"../../../Engine/Content/EditorMaterials/Camera/MI_CineMat_Rig.uexp" 261
"../../../Engine/Content/EditorMeshes/Camera/SM_RailRig_Track.ubulk" 262
"../../../Engine/Content/EditorMeshes/Camera/SM_RailRig_Track.uasset" 263
"../../../Engine/Content/EditorMeshes/Camera/SM_RailRig_Track.uexp" 264
"../../../Engine/Content/EditorMeshes/Camera/SM_RailRig_Mount.ubulk" 265
"../../../Engine/Content/EditorMeshes/Camera/SM_RailRig_Mount.uasset" 266
"../../../Engine/Content/EditorMeshes/Camera/SM_RailRig_Mount.uexp" 267
"../../../Engine/Content/EditorMeshes/Camera/SM_CraneRig_Mount.ubulk" 268
"../../../Engine/Content/EditorMeshes/Camera/SM_CraneRig_Mount.uasset" 269
"../../../Engine/Content/EditorMeshes/Camera/SM_CraneRig_Mount.uexp" 270
"../../../Engine/Content/EditorMeshes/Camera/SM_CraneRig_Body.ubulk" 271
"../../../Engine/Content/EditorMeshes/Camera/SM_CraneRig_Body.uasset" 272
"../../../Engine/Content/EditorMeshes/Camera/SM_CraneRig_Body.uexp" 273
"../../../Engine/Content/EditorMeshes/Camera/SM_CraneRig_Base.ubulk" 274
"../../../Engine/Content/EditorMeshes/Camera/SM_CraneRig_Base.uasset" 275
"../../../Engine/Content/EditorMeshes/Camera/SM_CraneRig_Base.uexp" 276
"../../../Engine/Content/EditorMeshes/Camera/SM_CraneRig_Arm.ubulk" 277
"../../../Engine/Content/EditorMeshes/Camera/SM_CraneRig_Arm.uasset" 278
"../../../Engine/Content/EditorMeshes/Camera/SM_CraneRig_Arm.uexp" 279
"../../../Engine/Content/EditorMaterials/PreviewShadowIndicator.ubulk" 280
"../../../Engine/Content/EditorMaterials/PreviewShadowIndicator.uasset" 281
"../../../Engine/Content/EditorMaterials/PreviewShadowIndicator.uexp" 282
"../../../Engine/Content/EditorMaterials/PreviewShadowIndicatorMaterial.uasset" 283
"../../../Engine/Content/EditorMaterials/PreviewShadowIndicatorMaterial.uexp" 284
"../../../Engine/Content/EditorMaterials/MAT_Groups_Visibility.uasset" 285
"../../../Engine/Content/EditorMaterials/MAT_Groups_Visibility.uexp" 286
"../../../Engine/Content/EditorMaterials/MAT_Groups_Toggle.uasset" 287
"../../../Engine/Content/EditorMaterials/MAT_Groups_Toggle.uexp" 288
"../../../Engine/Content/Functions/Engine_MaterialFunctions02/Utility/MakeFloat4.uasset" 289
"../../../Engine/Content/Functions/Engine_MaterialFunctions02/Utility/MakeFloat4.uexp" 290
"../../../Engine/Content/EditorMaterials/WorldPartition/WorldPartitionSpatialHashGridPreviewMaterial.uasset" 291
"../../../Engine/Content/EditorMaterials/WorldPartition/WorldPartitionSpatialHashGridPreviewMaterial.uexp" 292
"../../../Engine/Content/EditorMaterials/ParticleSystems/PSysThumbnail_OOD.ubulk" 293
"../../../Engine/Content/EditorMaterials/ParticleSystems/PSysThumbnail_OOD.uasset" 294
"../../../Engine/Content/EditorMaterials/ParticleSystems/PSysThumbnail_OOD.uexp" 295
"../../../Engine/Content/EditorMaterials/ParticleSystems/PSysThumbnail_NoImage.ubulk" 296
"../../../Engine/Content/EditorMaterials/ParticleSystems/PSysThumbnail_NoImage.uasset" 297
"../../../Engine/Content/EditorMaterials/ParticleSystems/PSysThumbnail_NoImage.uexp" 298
"../../../Engine/Content/EditorMaterials/MatineeGroups/MAT_Groups_Vector.uasset" 299
"../../../Engine/Content/EditorMaterials/MatineeGroups/MAT_Groups_Vector.uexp" 300
"../../../Engine/Content/EditorMaterials/MatineeGroups/MAT_Groups_Sound.uasset" 301
"../../../Engine/Content/EditorMaterials/MatineeGroups/MAT_Groups_Sound.uexp" 302
"../../../Engine/Content/EditorMaterials/MatineeGroups/MAT_Groups_Slomo.uasset" 303
"../../../Engine/Content/EditorMaterials/MatineeGroups/MAT_Groups_Slomo.uexp" 304
"../../../Engine/Content/EditorMaterials/MatineeGroups/MAT_Groups_Move.uasset" 305
"../../../Engine/Content/EditorMaterials/MatineeGroups/MAT_Groups_Move.uexp" 306
"../../../Engine/Content/EditorMaterials/MatineeGroups/MAT_Groups_Float.uasset" 307
"../../../Engine/Content/EditorMaterials/MatineeGroups/MAT_Groups_Float.uexp" 308
"../../../Engine/Content/EditorMaterials/MatineeGroups/MAT_Groups_Fade.uasset" 309
"../../../Engine/Content/EditorMaterials/MatineeGroups/MAT_Groups_Fade.uexp" 310
"../../../Engine/Content/EditorMaterials/MatineeGroups/MAT_Groups_Event.uasset" 311
"../../../Engine/Content/EditorMaterials/MatineeGroups/MAT_Groups_Event.uexp" 312
"../../../Engine/Content/EditorMaterials/MatineeGroups/MAT_Groups_Director.uasset" 313
"../../../Engine/Content/EditorMaterials/MatineeGroups/MAT_Groups_Director.uexp" 314
"../../../Engine/Content/EditorMaterials/MatineeGroups/MAT_Groups_AudioMaster.uasset" 315
"../../../Engine/Content/EditorMaterials/MatineeGroups/MAT_Groups_AudioMaster.uexp" 316
"../../../Engine/Content/EditorMaterials/MatineeGroups/MAT_Groups_Anim.uasset" 317
"../../../Engine/Content/EditorMaterials/MatineeGroups/MAT_Groups_Anim.uexp" 318
"../../../Engine/Content/EditorMaterials/MatineeGroups/MAT_ColorTrack.uasset" 319
"../../../Engine/Content/EditorMaterials/MatineeGroups/MAT_ColorTrack.uexp" 320
"../../../Engine/Content/EditorLandscapeResources/DefaultAlphaTexture.uasset" 321
"../../../Engine/Content/EditorLandscapeResources/DefaultAlphaTexture.uexp" 322
"../../../Engine/Content/EditorLandscapeResources/DataLayer.uasset" 323
"../../../Engine/Content/EditorLandscapeResources/DataLayer.uexp" 324
"../../../Engine/Content/EngineMaterials/T_Default_Material_Grid_M.ubulk" 325
"../../../Engine/Content/EngineMaterials/T_Default_Material_Grid_M.uasset" 326
"../../../Engine/Content/EngineMaterials/T_Default_Material_Grid_M.uexp" 327
"../../../Engine/Content/EngineMaterials/T_Default_Material_Grid_N.ubulk" 328
"../../../Engine/Content/EngineMaterials/T_Default_Material_Grid_N.uasset" 329
"../../../Engine/Content/EngineMaterials/T_Default_Material_Grid_N.uexp" 330
"../../../Engine/Content/Functions/Engine_MaterialFunctions01/Opacity/CameraDepthFade.uasset" 331
"../../../Engine/Content/Functions/Engine_MaterialFunctions01/Opacity/CameraDepthFade.uexp" 332
"../../../Engine/Content/EngineMaterials/DefaultMaterial.uasset" 333
"../../../Engine/Content/EngineMaterials/DefaultMaterial.uexp" 334
"../../../Engine/Content/BasicShapes/Sphere.ubulk" 335
"../../../Engine/Content/BasicShapes/Sphere.uasset" 336
"../../../Engine/Content/BasicShapes/Sphere.uexp" 337
"../../../Engine/Content/EngineMaterials/WorldGridMaterial.uasset" 338
"../../../Engine/Content/EngineMaterials/WorldGridMaterial.uexp" 339
"../../../Engine/Content/BasicShapes/Plane.ubulk" 340
"../../../Engine/Content/BasicShapes/Plane.uasset" 341
"../../../Engine/Content/BasicShapes/Plane.uexp" 342
"../../../Engine/Content/BasicShapes/Cylinder.ubulk" 343
"../../../Engine/Content/BasicShapes/Cylinder.uasset" 344
"../../../Engine/Content/BasicShapes/Cylinder.uexp" 345
"../../../Engine/Content/BasicShapes/Cube.ubulk" 346
"../../../Engine/Content/BasicShapes/Cube.uasset" 347
"../../../Engine/Content/BasicShapes/Cube.uexp" 348
"../../../Engine/Content/BasicShapes/Cone.ubulk" 349
"../../../Engine/Content/BasicShapes/Cone.uasset" 350
"../../../Engine/Content/BasicShapes/Cone.uexp" 351
"../../../Engine/Content/BasicShapes/BasicShapeMaterial.uasset" 352
"../../../Engine/Content/BasicShapes/BasicShapeMaterial.uexp" 353
"../../../Engine/Content/ArtTools/RenderToTexture/Meshes/S_1_Unit_Plane.ubulk" 354
"../../../Engine/Content/ArtTools/RenderToTexture/Meshes/S_1_Unit_Plane.uasset" 355
"../../../Engine/Content/ArtTools/RenderToTexture/Meshes/S_1_Unit_Plane.uexp" 356
"../../../Engine/Content/VREditor/TransformGizmo/Main.uasset" 357
"../../../Engine/Content/VREditor/TransformGizmo/Main.uexp" 358
"../../../Engine/Content/VREditor/TransformGizmo/Xray.uasset" 359
"../../../Engine/Content/VREditor/TransformGizmo/Xray.uexp" 360
"../../../Engine/Content/VREditor/TransformGizmo/SM_Sequencer_Node.ubulk" 361
"../../../Engine/Content/VREditor/TransformGizmo/SM_Sequencer_Node.uasset" 362
"../../../Engine/Content/VREditor/TransformGizmo/SM_Sequencer_Node.uexp" 363
"../../../Engine/Content/VREditor/LaserPointer/VR_LaserPower_01.ubulk" 364
"../../../Engine/Content/VREditor/LaserPointer/VR_LaserPower_01.uasset" 365
"../../../Engine/Content/VREditor/LaserPointer/VR_LaserPower_01.uexp" 366
"../../../Engine/Content/VREditor/TransformGizmo/TransformGizmoMaterial.uasset" 367
"../../../Engine/Content/VREditor/TransformGizmo/TransformGizmoMaterial.uexp" 368
"../../../Engine/Content/VREditor/TransformGizmo/TranslucentTransformGizmoMaterial.uasset" 369
"../../../Engine/Content/VREditor/TransformGizmo/TranslucentTransformGizmoMaterial.uexp" 370
"../../../Engine/Content/VREditor/TransformGizmo/PlaneTranslationHandle.ubulk" 371
"../../../Engine/Content/VREditor/TransformGizmo/PlaneTranslationHandle.uasset" 372
"../../../Engine/Content/VREditor/TransformGizmo/PlaneTranslationHandle.uexp" 373
"../../../Engine/Content/VREditor/TransformGizmo/BoundingBoxEdge.ubulk" 374
"../../../Engine/Content/VREditor/TransformGizmo/BoundingBoxEdge.uasset" 375
"../../../Engine/Content/VREditor/TransformGizmo/BoundingBoxEdge.uexp" 376
"../../../Engine/Content/VREditor/TransformGizmo/BoundingBoxCorner.ubulk" 377
"../../../Engine/Content/VREditor/TransformGizmo/BoundingBoxCorner.uasset" 378
"../../../Engine/Content/VREditor/TransformGizmo/BoundingBoxCorner.uexp" 379
"../../../Engine/Plugins/2D/Paper2D/Content/PlaceholderTextures/DummySpriteTexture.ubulk" 380
"../../../Engine/Plugins/2D/Paper2D/Content/PlaceholderTextures/DummySpriteTexture.uasset" 381
"../../../Engine/Plugins/2D/Paper2D/Content/PlaceholderTextures/DummySpriteTexture.uexp" 382
"../../../Engine/Plugins/2D/Paper2D/Content/DefaultSpriteMaterial.uasset" 383
"../../../Engine/Plugins/2D/Paper2D/Content/DefaultSpriteMaterial.uexp" 384
"../../../Engine/Plugins/2D/Paper2D/Content/OpaqueUnlitSpriteMaterial.uasset" 385
"../../../Engine/Plugins/2D/Paper2D/Content/OpaqueUnlitSpriteMaterial.uexp" 386
"../../../Engine/Plugins/2D/Paper2D/Content/MaskedUnlitSpriteMaterial.uasset" 387
"../../../Engine/Plugins/2D/Paper2D/Content/MaskedUnlitSpriteMaterial.uexp" 388
"../../../Engine/Plugins/2D/Paper2D/Content/DummySprite.uasset" 389
"../../../Engine/Plugins/2D/Paper2D/Content/DummySprite.uexp" 390
"../../../Engine/Plugins/2D/Paper2D/Content/DefaultPaperTerrainMaterial.uasset" 391
"../../../Engine/Plugins/2D/Paper2D/Content/DefaultPaperTerrainMaterial.uexp" 392
"../../../Engine/Plugins/Animation/ControlRig/Content/M_Manip.uasset" 393
"../../../Engine/Plugins/Animation/ControlRig/Content/M_Manip.uexp" 394
"../../../Engine/Plugins/Animation/ControlRig/Content/Controls/DefaultGizmoLibraryNormalized.uasset" 395
"../../../Engine/Plugins/Animation/ControlRig/Content/Controls/DefaultGizmoLibraryNormalized.uexp" 396
"../../../Engine/Plugins/Animation/ControlRig/Content/Controls/ControlRig_Wedge_solid.ubulk" 397
"../../../Engine/Plugins/Animation/ControlRig/Content/Controls/ControlRig_Wedge_solid.uasset" 398
"../../../Engine/Plugins/Animation/ControlRig/Content/Controls/ControlRig_Wedge_solid.uexp" 399
"../../../Engine/Plugins/Animation/ControlRig/Content/Controls/ControlRig_Wedge_3mm.ubulk" 400
"../../../Engine/Plugins/Animation/ControlRig/Content/Controls/ControlRig_Wedge_3mm.uasset" 401
"../../../Engine/Plugins/Animation/ControlRig/Content/Controls/ControlRig_Wedge_3mm.uexp" 402
"../../../Engine/Plugins/Animation/ControlRig/Content/Controls/ControlRig_Wedge_1mm.ubulk" 403
"../../../Engine/Plugins/Animation/ControlRig/Content/Controls/ControlRig_Wedge_1mm.uasset" 404
"../../../Engine/Plugins/Animation/ControlRig/Content/Controls/ControlRig_Wedge_1mm.uexp" 405
"../../../Engine/Plugins/Animation/ControlRig/Content/Controls/ControlRig_Triangle_solid.ubulk" 406
"../../../Engine/Plugins/Animation/ControlRig/Content/Controls/ControlRig_Triangle_solid.uasset" 407
"../../../Engine/Plugins/Animation/ControlRig/Content/Controls/ControlRig_Triangle_solid.uexp" 408
"../../../Engine/Plugins/Animation/ControlRig/Content/Controls/ControlRig_Triangle_3mm.ubulk" 409
"../../../Engine/Plugins/Animation/ControlRig/Content/Controls/ControlRig_Triangle_3mm.uasset" 410
"../../../Engine/Plugins/Animation/ControlRig/Content/Controls/ControlRig_Triangle_3mm.uexp" 411
"../../../Engine/Plugins/Animation/ControlRig/Content/Controls/ControlRig_Triangle_1mm.ubulk" 412
"../../../Engine/Plugins/Animation/ControlRig/Content/Controls/ControlRig_Triangle_1mm.uasset" 413
"../../../Engine/Plugins/Animation/ControlRig/Content/Controls/ControlRig_Triangle_1mm.uexp" 414
"../../../Engine/Plugins/Animation/ControlRig/Content/Controls/ControlRig_Star4_solid.ubulk" 415
"../../../Engine/Plugins/Animation/ControlRig/Content/Controls/ControlRig_Star4_solid.uasset" 416
"../../../Engine/Plugins/Animation/ControlRig/Content/Controls/ControlRig_Star4_solid.uexp" 417
"../../../Engine/Plugins/Animation/ControlRig/Content/Controls/ControlRig_Star4_3mm.ubulk" 418
"../../../Engine/Plugins/Animation/ControlRig/Content/Controls/ControlRig_Star4_3mm.uasset" 419
"../../../Engine/Plugins/Animation/ControlRig/Content/Controls/ControlRig_Star4_3mm.uexp" 420
"../../../Engine/Plugins/Animation/ControlRig/Content/Controls/ControlRig_Star4_1mm.ubulk" 421
"../../../Engine/Plugins/Animation/ControlRig/Content/Controls/ControlRig_Star4_1mm.uasset" 422
"../../../Engine/Plugins/Animation/ControlRig/Content/Controls/ControlRig_Star4_1mm.uexp" 423
"../../../Engine/Plugins/Animation/ControlRig/Content/Controls/ControlRig_Square_solid.ubulk" 424
"../../../Engine/Plugins/Animation/ControlRig/Content/Controls/ControlRig_Square_solid.uasset" 425
"../../../Engine/Plugins/Animation/ControlRig/Content/Controls/ControlRig_Square_solid.uexp" 426
"../../../Engine/Plugins/Animation/ControlRig/Content/Controls/ControlRig_Square_3mm.ubulk" 427
"../../../Engine/Plugins/Animation/ControlRig/Content/Controls/ControlRig_Square_3mm.uasset" 428
"../../../Engine/Plugins/Animation/ControlRig/Content/Controls/ControlRig_Square_3mm.uexp" 429
"../../../Engine/Plugins/Animation/ControlRig/Content/Controls/ControlRig_Square_1mm.ubulk" 430
"../../../Engine/Plugins/Animation/ControlRig/Content/Controls/ControlRig_Square_1mm.uasset" 431
"../../../Engine/Plugins/Animation/ControlRig/Content/Controls/ControlRig_Square_1mm.uexp" 432
"../../../Engine/Plugins/Animation/ControlRig/Content/Controls/ControlRig_Sphere_solid.ubulk" 433
"../../../Engine/Plugins/Animation/ControlRig/Content/Controls/ControlRig_Sphere_solid.uasset" 434
"../../../Engine/Plugins/Animation/ControlRig/Content/Controls/ControlRig_Sphere_solid.uexp" 435
"../../../Engine/Plugins/Animation/ControlRig/Content/Controls/ControlRig_Sphere_3mm.ubulk" 436
"../../../Engine/Plugins/Animation/ControlRig/Content/Controls/ControlRig_Sphere_3mm.uasset" 437
"../../../Engine/Plugins/Animation/ControlRig/Content/Controls/ControlRig_Sphere_3mm.uexp" 438
"../../../Engine/Plugins/Animation/ControlRig/Content/Controls/ControlRig_Sphere_1mm.ubulk" 439
"../../../Engine/Plugins/Animation/ControlRig/Content/Controls/ControlRig_Sphere_1mm.uasset" 440
"../../../Engine/Plugins/Animation/ControlRig/Content/Controls/ControlRig_Sphere_1mm.uexp" 441
"../../../Engine/Plugins/Animation/ControlRig/Content/Controls/ControlRig_RoundedTriangle_solid.ubulk" 442
"../../../Engine/Plugins/Animation/ControlRig/Content/Controls/ControlRig_RoundedTriangle_solid.uasset" 443
"../../../Engine/Plugins/Animation/ControlRig/Content/Controls/ControlRig_RoundedTriangle_solid.uexp" 444
"../../../Engine/Plugins/Animation/ControlRig/Content/Controls/ControlRig_RoundedTriangle_3mm.ubulk" 445
"../../../Engine/Plugins/Animation/ControlRig/Content/Controls/ControlRig_RoundedTriangle_3mm.uasset" 446
"../../../Engine/Plugins/Animation/ControlRig/Content/Controls/ControlRig_RoundedTriangle_3mm.uexp" 447
"../../../Engine/Plugins/Animation/ControlRig/Content/Controls/ControlRig_RoundedTriangle_1mm.ubulk" 448
"../../../Engine/Plugins/Animation/ControlRig/Content/Controls/ControlRig_RoundedTriangle_1mm.uasset" 449
"../../../Engine/Plugins/Animation/ControlRig/Content/Controls/ControlRig_RoundedTriangle_1mm.uexp" 450
"../../../Engine/Plugins/Animation/ControlRig/Content/Controls/ControlRig_RoundedSquare_solid.ubulk" 451
"../../../Engine/Plugins/Animation/ControlRig/Content/Controls/ControlRig_RoundedSquare_solid.uasset" 452
"../../../Engine/Plugins/Animation/ControlRig/Content/Controls/ControlRig_RoundedSquare_solid.uexp" 453
"../../../Engine/Plugins/Animation/ControlRig/Content/Controls/ControlRig_RoundedSquare_3mm.ubulk" 454
"../../../Engine/Plugins/Animation/ControlRig/Content/Controls/ControlRig_RoundedSquare_3mm.uasset" 455
"../../../Engine/Plugins/Animation/ControlRig/Content/Controls/ControlRig_RoundedSquare_3mm.uexp" 456
"../../../Engine/Plugins/Animation/ControlRig/Content/Controls/ControlRig_RoundedSquare_1mm.ubulk" 457
"../../../Engine/Plugins/Animation/ControlRig/Content/Controls/ControlRig_RoundedSquare_1mm.uasset" 458
"../../../Engine/Plugins/Animation/ControlRig/Content/Controls/ControlRig_RoundedSquare_1mm.uexp" 459
"../../../Engine/Plugins/Animation/ControlRig/Content/Controls/ControlRig_QuarterCircle_solid.ubulk" 460
"../../../Engine/Plugins/Animation/ControlRig/Content/Controls/ControlRig_QuarterCircle_solid.uasset" 461
"../../../Engine/Plugins/Animation/ControlRig/Content/Controls/ControlRig_QuarterCircle_solid.uexp" 462
"../../../Engine/Plugins/Animation/ControlRig/Content/Controls/ControlRig_QuarterCircle_3mm.ubulk" 463
"../../../Engine/Plugins/Animation/ControlRig/Content/Controls/ControlRig_QuarterCircle_3mm.uasset" 464
"../../../Engine/Plugins/Animation/ControlRig/Content/Controls/ControlRig_QuarterCircle_3mm.uexp" 465
"../../../Engine/Plugins/Animation/ControlRig/Content/Controls/ControlRig_QuarterCircle_1mm.ubulk" 466
"../../../Engine/Plugins/Animation/ControlRig/Content/Controls/ControlRig_QuarterCircle_1mm.uasset" 467
"../../../Engine/Plugins/Animation/ControlRig/Content/Controls/ControlRig_QuarterCircle_1mm.uexp" 468
"../../../Engine/Plugins/Animation/ControlRig/Content/Controls/ControlRig_Pyramid_solid.ubulk" 469
"../../../Engine/Plugins/Animation/ControlRig/Content/Controls/ControlRig_Pyramid_solid.uasset" 470
"../../../Engine/Plugins/Animation/ControlRig/Content/Controls/ControlRig_Pyramid_solid.uexp" 471
"../../../Engine/Plugins/Animation/ControlRig/Content/Controls/ControlRig_Pyramid_3mm.ubulk" 472
"../../../Engine/Plugins/Animation/ControlRig/Content/Controls/ControlRig_Pyramid_3mm.uasset" 473
"../../../Engine/Plugins/Animation/ControlRig/Content/Controls/ControlRig_Pyramid_3mm.uexp" 474
"../../../Engine/Plugins/Animation/ControlRig/Content/Controls/ControlRig_Pyramid_1mm.ubulk" 475
"../../../Engine/Plugins/Animation/ControlRig/Content/Controls/ControlRig_Pyramid_1mm.uasset" 476
"../../../Engine/Plugins/Animation/ControlRig/Content/Controls/ControlRig_Pyramid_1mm.uexp" 477
"../../../Engine/Plugins/Animation/ControlRig/Content/Controls/ControlRig_Octagon_solid.ubulk" 478
"../../../Engine/Plugins/Animation/ControlRig/Content/Controls/ControlRig_Octagon_solid.uasset" 479
"../../../Engine/Plugins/Animation/ControlRig/Content/Controls/ControlRig_Octagon_solid.uexp" 480
"../../../Engine/Plugins/Animation/ControlRig/Content/Controls/ControlRig_Octagon_3mm.ubulk" 481
"../../../Engine/Plugins/Animation/ControlRig/Content/Controls/ControlRig_Octagon_3mm.uasset" 482
"../../../Engine/Plugins/Animation/ControlRig/Content/Controls/ControlRig_Octagon_3mm.uexp" 483
"../../../Engine/Plugins/Animation/ControlRig/Content/Controls/ControlRig_Octagon_1mm.ubulk" 484
"../../../Engine/Plugins/Animation/ControlRig/Content/Controls/ControlRig_Octagon_1mm.uasset" 485
"../../../Engine/Plugins/Animation/ControlRig/Content/Controls/ControlRig_Octagon_1mm.uexp" 486
"../../../Engine/Plugins/Animation/ControlRig/Content/Controls/ControlRig_Hexagon_solid.ubulk" 487
"../../../Engine/Plugins/Animation/ControlRig/Content/Controls/ControlRig_Hexagon_solid.uasset" 488
"../../../Engine/Plugins/Animation/ControlRig/Content/Controls/ControlRig_Hexagon_solid.uexp" 489
"../../../Engine/Plugins/Animation/ControlRig/Content/Controls/ControlRig_Hexagon_3mm.ubulk" 490
"../../../Engine/Plugins/Animation/ControlRig/Content/Controls/ControlRig_Hexagon_3mm.uasset" 491
"../../../Engine/Plugins/Animation/ControlRig/Content/Controls/ControlRig_Hexagon_3mm.uexp" 492
"../../../Engine/Plugins/Animation/ControlRig/Content/Controls/ControlRig_Hexagon_1mm.ubulk" 493
"../../../Engine/Plugins/Animation/ControlRig/Content/Controls/ControlRig_Hexagon_1mm.uasset" 494
"../../../Engine/Plugins/Animation/ControlRig/Content/Controls/ControlRig_Hexagon_1mm.uexp" 495
"../../../Engine/Plugins/Animation/ControlRig/Content/Controls/ControlRig_HalfCircle_solid.ubulk" 496
"../../../Engine/Plugins/Animation/ControlRig/Content/Controls/ControlRig_HalfCircle_solid.uasset" 497
"../../../Engine/Plugins/Animation/ControlRig/Content/Controls/ControlRig_HalfCircle_solid.uexp" 498
"../../../Engine/Plugins/Animation/ControlRig/Content/Controls/ControlRig_HalfCircle_3mm.ubulk" 499
"../../../Engine/Plugins/Animation/ControlRig/Content/Controls/ControlRig_HalfCircle_3mm.uasset" 500
"../../../Engine/Plugins/Animation/ControlRig/Content/Controls/ControlRig_HalfCircle_3mm.uexp" 501
"../../../Engine/Plugins/Animation/ControlRig/Content/Controls/ControlRig_HalfCircle_1mm.ubulk" 502
"../../../Engine/Plugins/Animation/ControlRig/Content/Controls/ControlRig_HalfCircle_1mm.uasset" 503
"../../../Engine/Plugins/Animation/ControlRig/Content/Controls/ControlRig_HalfCircle_1mm.uexp" 504
"../../../Engine/Plugins/Animation/ControlRig/Content/Controls/ControlRig_Diamond_solid.ubulk" 505
"../../../Engine/Plugins/Animation/ControlRig/Content/Controls/ControlRig_Diamond_solid.uasset" 506
"../../../Engine/Plugins/Animation/ControlRig/Content/Controls/ControlRig_Diamond_solid.uexp" 507
"../../../Engine/Plugins/Animation/ControlRig/Content/Controls/ControlRig_Diamond_3mm.ubulk" 508
"../../../Engine/Plugins/Animation/ControlRig/Content/Controls/ControlRig_Diamond_3mm.uasset" 509
"../../../Engine/Plugins/Animation/ControlRig/Content/Controls/ControlRig_Diamond_3mm.uexp" 510
"../../../Engine/Plugins/Animation/ControlRig/Content/Controls/ControlRig_Diamond_1mm.ubulk" 511
"../../../Engine/Plugins/Animation/ControlRig/Content/Controls/ControlRig_Diamond_1mm.uasset" 512
"../../../Engine/Plugins/Animation/ControlRig/Content/Controls/ControlRig_Diamond_1mm.uexp" 513
"../../../Engine/Plugins/Animation/ControlRig/Content/Controls/ControlRig_Circle_solid.ubulk" 514
"../../../Engine/Plugins/Animation/ControlRig/Content/Controls/ControlRig_Circle_solid.uasset" 515
"../../../Engine/Plugins/Animation/ControlRig/Content/Controls/ControlRig_Circle_solid.uexp" 516
"../../../Engine/Plugins/Animation/ControlRig/Content/Controls/ControlRig_Circle_3mm.ubulk" 517
"../../../Engine/Plugins/Animation/ControlRig/Content/Controls/ControlRig_Circle_3mm.uasset" 518
"../../../Engine/Plugins/Animation/ControlRig/Content/Controls/ControlRig_Circle_3mm.uexp" 519
"../../../Engine/Plugins/Animation/ControlRig/Content/Controls/ControlRig_Circle_1mm.ubulk" 520
"../../../Engine/Plugins/Animation/ControlRig/Content/Controls/ControlRig_Circle_1mm.uasset" 521
"../../../Engine/Plugins/Animation/ControlRig/Content/Controls/ControlRig_Circle_1mm.uexp" 522
"../../../Engine/Plugins/Animation/ControlRig/Content/Controls/ControlRig_Box_solid.ubulk" 523
"../../../Engine/Plugins/Animation/ControlRig/Content/Controls/ControlRig_Box_solid.uasset" 524
"../../../Engine/Plugins/Animation/ControlRig/Content/Controls/ControlRig_Box_solid.uexp" 525
"../../../Engine/Plugins/Animation/ControlRig/Content/Controls/ControlRig_Box_3mm.ubulk" 526
"../../../Engine/Plugins/Animation/ControlRig/Content/Controls/ControlRig_Box_3mm.uasset" 527
"../../../Engine/Plugins/Animation/ControlRig/Content/Controls/ControlRig_Box_3mm.uexp" 528
"../../../Engine/Plugins/Animation/ControlRig/Content/Controls/ControlRig_Box_1mm.ubulk" 529
"../../../Engine/Plugins/Animation/ControlRig/Content/Controls/ControlRig_Box_1mm.uasset" 530
"../../../Engine/Plugins/Animation/ControlRig/Content/Controls/ControlRig_Box_1mm.uexp" 531
"../../../Engine/Plugins/Animation/ControlRig/Content/Controls/ControlRig_Arrow_solid.ubulk" 532
"../../../Engine/Plugins/Animation/ControlRig/Content/Controls/ControlRig_Arrow_solid.uasset" 533
"../../../Engine/Plugins/Animation/ControlRig/Content/Controls/ControlRig_Arrow_solid.uexp" 534
"../../../Engine/Plugins/Animation/ControlRig/Content/Controls/ControlRig_Arrow_3mm.ubulk" 535
"../../../Engine/Plugins/Animation/ControlRig/Content/Controls/ControlRig_Arrow_3mm.uasset" 536
"../../../Engine/Plugins/Animation/ControlRig/Content/Controls/ControlRig_Arrow_3mm.uexp" 537
"../../../Engine/Plugins/Animation/ControlRig/Content/Controls/ControlRig_Arrow_1mm.ubulk" 538
"../../../Engine/Plugins/Animation/ControlRig/Content/Controls/ControlRig_Arrow_1mm.uasset" 539
"../../../Engine/Plugins/Animation/ControlRig/Content/Controls/ControlRig_Arrow_1mm.uexp" 540
"../../../Engine/Plugins/Animation/ControlRig/Content/Controls/ControlRig_Arrow4_solid.ubulk" 541
"../../../Engine/Plugins/Animation/ControlRig/Content/Controls/ControlRig_Arrow4_solid.uasset" 542
"../../../Engine/Plugins/Animation/ControlRig/Content/Controls/ControlRig_Arrow4_solid.uexp" 543
"../../../Engine/Plugins/Animation/ControlRig/Content/Controls/ControlRig_Arrow4_3mm.ubulk" 544
"../../../Engine/Plugins/Animation/ControlRig/Content/Controls/ControlRig_Arrow4_3mm.uasset" 545
"../../../Engine/Plugins/Animation/ControlRig/Content/Controls/ControlRig_Arrow4_3mm.uexp" 546
"../../../Engine/Plugins/Animation/ControlRig/Content/Controls/ControlRig_Arrow4_1mm.ubulk" 547
"../../../Engine/Plugins/Animation/ControlRig/Content/Controls/ControlRig_Arrow4_1mm.uasset" 548
"../../../Engine/Plugins/Animation/ControlRig/Content/Controls/ControlRig_Arrow4_1mm.uexp" 549
"../../../Engine/Plugins/Animation/ControlRig/Content/Controls/ControlRig_Arrow2_solid.ubulk" 550
"../../../Engine/Plugins/Animation/ControlRig/Content/Controls/ControlRig_Arrow2_solid.uasset" 551
"../../../Engine/Plugins/Animation/ControlRig/Content/Controls/ControlRig_Arrow2_solid.uexp" 552
"../../../Engine/Plugins/Animation/ControlRig/Content/Controls/ControlRig_Arrow2_3mm.ubulk" 553
"../../../Engine/Plugins/Animation/ControlRig/Content/Controls/ControlRig_Arrow2_3mm.uasset" 554
"../../../Engine/Plugins/Animation/ControlRig/Content/Controls/ControlRig_Arrow2_3mm.uexp" 555
"../../../Engine/Plugins/Animation/ControlRig/Content/Controls/ControlRig_Arrow2_1mm.ubulk" 556
"../../../Engine/Plugins/Animation/ControlRig/Content/Controls/ControlRig_Arrow2_1mm.uasset" 557
"../../../Engine/Plugins/Animation/ControlRig/Content/Controls/ControlRig_Arrow2_1mm.uexp" 558
"../../../Engine/Plugins/Animation/ControlRig/Content/Controls/ControlRigGizmoMaterial.uasset" 559
"../../../Engine/Plugins/Animation/ControlRig/Content/Controls/ControlRigGizmoMaterial.uexp" 560
"../../../Engine/Plugins/Editor/SpeedTreeImporter/Content/SpeedTree9/game_wind_noise.ubulk" 561
"../../../Engine/Plugins/Editor/SpeedTreeImporter/Content/SpeedTree9/game_wind_noise.uasset" 562
"../../../Engine/Plugins/Editor/SpeedTreeImporter/Content/SpeedTree9/game_wind_noise.uexp" 563
"../../../Engine/Plugins/Editor/SpeedTreeImporter/Content/SpeedTree9/UnpackDirection.uasset" 564
"../../../Engine/Plugins/Editor/SpeedTreeImporter/Content/SpeedTree9/UnpackDirection.uexp" 565
"../../../Engine/Content/Functions/Engine_MaterialFunctions02/ObjectLocalBounds.uasset" 566
"../../../Engine/Content/Functions/Engine_MaterialFunctions02/ObjectLocalBounds.uexp" 567
"../../../Engine/Content/Functions/Engine_MaterialFunctions02/UVs/BoundingBoxBased_0-1_UVW.uasset" 568
"../../../Engine/Content/Functions/Engine_MaterialFunctions02/UVs/BoundingBoxBased_0-1_UVW.uexp" 569
"../../../Engine/Content/Functions/Engine_MaterialFunctions02/Utility/VectorLength.uasset" 570
"../../../Engine/Content/Functions/Engine_MaterialFunctions02/Utility/VectorLength.uexp" 571
"../../../Engine/Plugins/Editor/SpeedTreeImporter/Content/SpeedTree9/UnpackInteger3.uasset" 572
"../../../Engine/Plugins/Editor/SpeedTreeImporter/Content/SpeedTree9/UnpackInteger3.uexp" 573
"../../../Engine/Plugins/Editor/SpeedTreeImporter/Content/SpeedTree9/SpeedTreeCameraFacing.uasset" 574
"../../../Engine/Plugins/Editor/SpeedTreeImporter/Content/SpeedTree9/SpeedTreeCameraFacing.uexp" 575
"../../../Engine/Content/Functions/Engine_MaterialFunctions02/WorldPositionOffset/ObjectScale.uasset" 576
"../../../Engine/Content/Functions/Engine_MaterialFunctions02/WorldPositionOffset/ObjectScale.uexp" 577
"../../../Engine/Content/Functions/Engine_MaterialFunctions02/SafeNormalize.uasset" 578
"../../../Engine/Content/Functions/Engine_MaterialFunctions02/SafeNormalize.uexp" 579
"../../../Engine/Plugins/Editor/SpeedTreeImporter/Content/SpeedTree9/SpeedTreeWindMotion.uasset" 580
"../../../Engine/Plugins/Editor/SpeedTreeImporter/Content/SpeedTree9/SpeedTreeWindMotion.uexp" 581
"../../../Engine/Plugins/Editor/SpeedTreeImporter/Content/SpeedTree9/SpeedTreeBranchMotion.uasset" 582
"../../../Engine/Plugins/Editor/SpeedTreeImporter/Content/SpeedTree9/SpeedTreeBranchMotion.uexp" 583
"../../../Engine/Plugins/Editor/SpeedTreeImporter/Content/SpeedTree9/SpeedTreeWind.uasset" 584
"../../../Engine/Plugins/Editor/SpeedTreeImporter/Content/SpeedTree9/SpeedTreeWind.uexp" 585
"../../../Engine/Plugins/Editor/SpeedTreeImporter/Content/SpeedTree9/EmptyNormal.uasset" 586
"../../../Engine/Plugins/Editor/SpeedTreeImporter/Content/SpeedTree9/EmptyNormal.uexp" 587
"../../../Engine/Plugins/Editor/SpeedTreeImporter/Content/SpeedTree9/Empty.uasset" 588
"../../../Engine/Plugins/Editor/SpeedTreeImporter/Content/SpeedTree9/Empty.uexp" 589
"../../../Engine/Plugins/Editor/SpeedTreeImporter/Content/SpeedTree9/SpeedTreeMaster.uasset" 590
"../../../Engine/Plugins/Editor/SpeedTreeImporter/Content/SpeedTree9/SpeedTreeMaster.uexp" 591
"../../../Engine/Plugins/Editor/SpeedTreeImporter/Content/SpeedTree9/SpeedTreeBillboard.uasset" 592
"../../../Engine/Plugins/Editor/SpeedTreeImporter/Content/SpeedTree9/SpeedTreeBillboard.uexp" 593
"../../../Engine/Plugins/Editor/SpeedTreeImporter/Content/SpeedTree9/SpeedTreeBillboardMaster.uasset" 594
"../../../Engine/Plugins/Editor/SpeedTreeImporter/Content/SpeedTree9/SpeedTreeBillboardMaster.uexp" 595
"../../../Engine/Plugins/Runtime/HairStrands/Content/Materials/HairMeshesDefaultMaterial.uasset" 596
"../../../Engine/Plugins/Runtime/HairStrands/Content/Materials/HairMeshesDefaultMaterial.uexp" 597
"../../../Engine/Plugins/Runtime/HairStrands/Content/Materials/HairDefaultMaterial.uasset" 598
"../../../Engine/Plugins/Runtime/HairStrands/Content/Materials/HairDefaultMaterial.uexp" 599
"../../../Engine/Plugins/Runtime/HairStrands/Content/Materials/HairGroupColors.uasset" 600
"../../../Engine/Plugins/Runtime/HairStrands/Content/Materials/HairGroupColors.uexp" 601
"../../../Engine/Content/EngineMaterials/HairColorMap.uasset" 602
"../../../Engine/Content/EngineMaterials/HairColorMap.uexp" 603
"../../../Engine/Content/EngineMaterials/HairDebugColor.uasset" 604
"../../../Engine/Content/EngineMaterials/HairDebugColor.uexp" 605
"../../../Engine/Plugins/Runtime/HairStrands/Content/Materials/HairDebugMaterial.uasset" 606
"../../../Engine/Plugins/Runtime/HairStrands/Content/Materials/HairDebugMaterial.uexp" 607
"../../../Engine/Plugins/Runtime/HairStrands/Content/Materials/HairCardsDefaultMaterial.uasset" 608
"../../../Engine/Plugins/Runtime/HairStrands/Content/Materials/HairCardsDefaultMaterial.uexp" 609
"../../../Engine/Content/Animation/DefaultAnimCurveCompressionSettings.uasset" 610
"../../../Engine/Content/Animation/DefaultAnimCurveCompressionSettings.uexp" 611
"E:/WorkInProgres/MyProject/Content/Blueprints/Character/Arms/Meshes/Arms/SK_Custom_Arms_Skeleton.uasset" 612
"E:/WorkInProgres/MyProject/Content/Blueprints/Character/Arms/Meshes/Arms/SK_Custom_Arms_Skeleton.uexp" 613
"../../../Engine/Content/Animation/DefaultAnimBoneCompressionSettings.uasset" 614
"../../../Engine/Content/Animation/DefaultAnimBoneCompressionSettings.uexp" 615
"E:/WorkInProgres/MyProject/Content/Guns/Gun_Animations/Rifle/A_Arms_Rifle_Idle01.uasset" 616
"E:/WorkInProgres/MyProject/Content/Guns/Gun_Animations/Rifle/A_Arms_Rifle_Idle01.uexp" 617
"E:/WorkInProgres/MyProject/Content/Blueprints/Character/Arms/Textures/Arms/T_Arms_M_MSK.ubulk" 618
"E:/WorkInProgres/MyProject/Content/Blueprints/Character/Arms/Textures/Arms/T_Arms_M_MSK.uasset" 619
"E:/WorkInProgres/MyProject/Content/Blueprints/Character/Arms/Textures/Arms/T_Arms_M_MSK.uexp" 620
"E:/WorkInProgres/MyProject/Content/Blueprints/Character/Arms/Textures/Arms/T_Arms_NRM.ubulk" 621
"E:/WorkInProgres/MyProject/Content/Blueprints/Character/Arms/Textures/Arms/T_Arms_NRM.uasset" 622
"E:/WorkInProgres/MyProject/Content/Blueprints/Character/Arms/Textures/Arms/T_Arms_NRM.uexp" 623
"E:/WorkInProgres/MyProject/Content/Blueprints/Character/Arms/Textures/Arms/T_Arms_ALB.ubulk" 624
"E:/WorkInProgres/MyProject/Content/Blueprints/Character/Arms/Textures/Arms/T_Arms_ALB.uasset" 625
"E:/WorkInProgres/MyProject/Content/Blueprints/Character/Arms/Textures/Arms/T_Arms_ALB.uexp" 626
"E:/WorkInProgres/MyProject/Content/Blueprints/Character/Arms/Materials/Arms/M_Arms.uasset" 627
"E:/WorkInProgres/MyProject/Content/Blueprints/Character/Arms/Materials/Arms/M_Arms.uexp" 628
"E:/WorkInProgres/MyProject/Content/Blueprints/Character/Arms/Meshes/Arms/SK_Custom_Arms.uasset" 629
"E:/WorkInProgres/MyProject/Content/Blueprints/Character/Arms/Meshes/Arms/SK_Custom_Arms.uexp" 630
"E:/WorkInProgres/MyProject/Content/Guns/Gun_Animations/Rifle/A_Arms_Rifle_Walk_FWD.uasset" 631
"E:/WorkInProgres/MyProject/Content/Guns/Gun_Animations/Rifle/A_Arms_Rifle_Walk_FWD.uexp" 632
"E:/WorkInProgres/MyProject/Content/Guns/Gun_Animations/Rifle/A_Arms_Rifle_Sprint_FWD.uasset" 633
"E:/WorkInProgres/MyProject/Content/Guns/Gun_Animations/Rifle/A_Arms_Rifle_Sprint_FWD.uexp" 634
"E:/WorkInProgres/MyProject/Content/Blueprints/Character/Animations_Blueprint/Anim_BP.uasset" 635
"E:/WorkInProgres/MyProject/Content/Blueprints/Character/Animations_Blueprint/Anim_BP.uexp" 636
"E:/WorkInProgres/MyProject/Content/Blueprints/Character/Character.uasset" 637
"E:/WorkInProgres/MyProject/Content/Blueprints/Character/Character.uexp" 638
"../../../Engine/Content/Maps/Entry_BuiltData.uasset" 639
"../../../Engine/Content/Maps/Entry_BuiltData.uexp" 640
"../../../Engine/Content/Maps/Entry.uexp" 641
"../../../Engine/Content/Maps/Entry.umap" 642
"E:/WorkInProgres/MyProject/Content/NewMap_HLOD0_Instancing.uasset" 643
"E:/WorkInProgres/MyProject/Content/NewMap_HLOD0_Instancing.uexp" 644
"E:/WorkInProgres/MyProject/Content/NewMap.uexp" 645
"E:/WorkInProgres/MyProject/Content/NewMap.ubulk" 646
"E:/WorkInProgres/MyProject/Content/NewMap.umap" 647
"E:/WorkInProgres/MyProject/Content/NewMap/_Generated_/NewMap_MainGrid_L0_X3_Y2_DL0.uexp" 648
"E:/WorkInProgres/MyProject/Content/NewMap/_Generated_/NewMap_MainGrid_L0_X3_Y2_DL0.umap" 649
"E:/WorkInProgres/MyProject/Content/NewMap/_Generated_/NewMap_MainGrid_L1_X1_Y-2_DL0.uexp" 650
"E:/WorkInProgres/MyProject/Content/NewMap/_Generated_/NewMap_MainGrid_L1_X1_Y-2_DL0.ubulk" 651
"E:/WorkInProgres/MyProject/Content/NewMap/_Generated_/NewMap_MainGrid_L1_X1_Y-2_DL0.umap" 652
"E:/WorkInProgres/MyProject/Content/NewMap/_Generated_/NewMap_MainGrid_L2_X0_Y0_DL0.uexp" 653
"E:/WorkInProgres/MyProject/Content/NewMap/_Generated_/NewMap_MainGrid_L2_X0_Y0_DL0.ubulk" 654
"E:/WorkInProgres/MyProject/Content/NewMap/_Generated_/NewMap_MainGrid_L2_X0_Y0_DL0.umap" 655
"E:/WorkInProgres/MyProject/Content/NewMap/_Generated_/NewMap_MainGrid_L1_X0_Y0_DL0.uexp" 656
"E:/WorkInProgres/MyProject/Content/NewMap/_Generated_/NewMap_MainGrid_L1_X0_Y0_DL0.ubulk" 657
"E:/WorkInProgres/MyProject/Content/NewMap/_Generated_/NewMap_MainGrid_L1_X0_Y0_DL0.umap" 658
"E:/WorkInProgres/MyProject/Content/NewMap/_Generated_/NewMap_MainGrid_L0_X0_Y0_DL0.uexp" 659
"E:/WorkInProgres/MyProject/Content/NewMap/_Generated_/NewMap_MainGrid_L0_X0_Y0_DL0.ubulk" 660
"E:/WorkInProgres/MyProject/Content/NewMap/_Generated_/NewMap_MainGrid_L0_X0_Y0_DL0.umap" 661
"E:/WorkInProgres/MyProject/Content/NewMap/_Generated_/NewMap_MainGrid_L1_X0_Y-2_DL0.uexp" 662
"E:/WorkInProgres/MyProject/Content/NewMap/_Generated_/NewMap_MainGrid_L1_X0_Y-2_DL0.ubulk" 663
"E:/WorkInProgres/MyProject/Content/NewMap/_Generated_/NewMap_MainGrid_L1_X0_Y-2_DL0.umap" 664
"E:/WorkInProgres/MyProject/Content/NewMap/_Generated_/NewMap_MainGrid_L1_X1_Y1_DL0.uexp" 665
"E:/WorkInProgres/MyProject/Content/NewMap/_Generated_/NewMap_MainGrid_L1_X1_Y1_DL0.ubulk" 666
"E:/WorkInProgres/MyProject/Content/NewMap/_Generated_/NewMap_MainGrid_L1_X1_Y1_DL0.umap" 667
"E:/WorkInProgres/MyProject/Content/NewMap/_Generated_/NewMap_MainGrid_L1_X-2_Y0_DL0.uexp" 668
"E:/WorkInProgres/MyProject/Content/NewMap/_Generated_/NewMap_MainGrid_L1_X-2_Y0_DL0.ubulk" 669
"E:/WorkInProgres/MyProject/Content/NewMap/_Generated_/NewMap_MainGrid_L1_X-2_Y0_DL0.umap" 670
"E:/WorkInProgres/MyProject/Content/NewMap/_Generated_/NewMap_MainGrid_L2_X0_Y-1_DL0.uexp" 671
"E:/WorkInProgres/MyProject/Content/NewMap/_Generated_/NewMap_MainGrid_L2_X0_Y-1_DL0.ubulk" 672
"E:/WorkInProgres/MyProject/Content/NewMap/_Generated_/NewMap_MainGrid_L2_X0_Y-1_DL0.umap" 673
"E:/WorkInProgres/MyProject/Content/NewMap/_Generated_/NewMap_MainGrid_L2_X-1_Y0_DL0.uexp" 674
"E:/WorkInProgres/MyProject/Content/NewMap/_Generated_/NewMap_MainGrid_L2_X-1_Y0_DL0.ubulk" 675
"E:/WorkInProgres/MyProject/Content/NewMap/_Generated_/NewMap_MainGrid_L2_X-1_Y0_DL0.umap" 676
"E:/WorkInProgres/MyProject/Content/NewMap/_Generated_/NewMap_MainGrid_L2_X-1_Y-1_DL0.uexp" 677
"E:/WorkInProgres/MyProject/Content/NewMap/_Generated_/NewMap_MainGrid_L2_X-1_Y-1_DL0.ubulk" 678
"E:/WorkInProgres/MyProject/Content/NewMap/_Generated_/NewMap_MainGrid_L2_X-1_Y-1_DL0.umap" 679
"E:/WorkInProgres/MyProject/Content/NewMap/_Generated_/NewMap_MainGrid_L1_X-2_Y-2_DL0.uexp" 680
"E:/WorkInProgres/MyProject/Content/NewMap/_Generated_/NewMap_MainGrid_L1_X-2_Y-2_DL0.ubulk" 681
"E:/WorkInProgres/MyProject/Content/NewMap/_Generated_/NewMap_MainGrid_L1_X-2_Y-2_DL0.umap" 682
"E:/WorkInProgres/MyProject/Content/NewMap/_Generated_/NewMap_MainGrid_L1_X-1_Y-1_DL0.uexp" 683
"E:/WorkInProgres/MyProject/Content/NewMap/_Generated_/NewMap_MainGrid_L1_X-1_Y-1_DL0.ubulk" 684
"E:/WorkInProgres/MyProject/Content/NewMap/_Generated_/NewMap_MainGrid_L1_X-1_Y-1_DL0.umap" 685
"E:/WorkInProgres/MyProject/Content/NewMap/_Generated_/NewMap_MainGrid_L1_X0_Y1_DL0.uexp" 686
"E:/WorkInProgres/MyProject/Content/NewMap/_Generated_/NewMap_MainGrid_L1_X0_Y1_DL0.ubulk" 687
"E:/WorkInProgres/MyProject/Content/NewMap/_Generated_/NewMap_MainGrid_L1_X0_Y1_DL0.umap" 688
"E:/WorkInProgres/MyProject/Content/NewMap/_Generated_/NewMap_MainGrid_L1_X1_Y-1_DL0.uexp" 689
"E:/WorkInProgres/MyProject/Content/NewMap/_Generated_/NewMap_MainGrid_L1_X1_Y-1_DL0.ubulk" 690
"E:/WorkInProgres/MyProject/Content/NewMap/_Generated_/NewMap_MainGrid_L1_X1_Y-1_DL0.umap" 691
"E:/WorkInProgres/MyProject/Content/NewMap/_Generated_/NewMap_MainGrid_L1_X-1_Y1_DL0.uexp" 692
"E:/WorkInProgres/MyProject/Content/NewMap/_Generated_/NewMap_MainGrid_L1_X-1_Y1_DL0.ubulk" 693
"E:/WorkInProgres/MyProject/Content/NewMap/_Generated_/NewMap_MainGrid_L1_X-1_Y1_DL0.umap" 694
"E:/WorkInProgres/MyProject/Content/NewMap/_Generated_/NewMap_MainGrid_L1_X-2_Y-1_DL0.uexp" 695
"E:/WorkInProgres/MyProject/Content/NewMap/_Generated_/NewMap_MainGrid_L1_X-2_Y-1_DL0.ubulk" 696
"E:/WorkInProgres/MyProject/Content/NewMap/_Generated_/NewMap_MainGrid_L1_X-2_Y-1_DL0.umap" 697
"E:/WorkInProgres/MyProject/Content/NewMap/_Generated_/NewMap_MainGrid_L1_X-1_Y-2_DL0.uexp" 698
"E:/WorkInProgres/MyProject/Content/NewMap/_Generated_/NewMap_MainGrid_L1_X-1_Y-2_DL0.ubulk" 699
"E:/WorkInProgres/MyProject/Content/NewMap/_Generated_/NewMap_MainGrid_L1_X-1_Y-2_DL0.umap" 700
"E:/WorkInProgres/MyProject/Content/NewMap/_Generated_/NewMap_MainGrid_L1_X0_Y-1_DL0.uexp" 701
"E:/WorkInProgres/MyProject/Content/NewMap/_Generated_/NewMap_MainGrid_L1_X0_Y-1_DL0.ubulk" 702
"E:/WorkInProgres/MyProject/Content/NewMap/_Generated_/NewMap_MainGrid_L1_X0_Y-1_DL0.umap" 703
"E:/WorkInProgres/MyProject/Content/NewMap/_Generated_/NewMap_MainGrid_L1_X-2_Y1_DL0.uexp" 704
"E:/WorkInProgres/MyProject/Content/NewMap/_Generated_/NewMap_MainGrid_L1_X-2_Y1_DL0.ubulk" 705
"E:/WorkInProgres/MyProject/Content/NewMap/_Generated_/NewMap_MainGrid_L1_X-2_Y1_DL0.umap" 706
"E:/WorkInProgres/MyProject/Content/NewMap/_Generated_/NewMap_MainGrid_L1_X-1_Y0_DL0.uexp" 707
"E:/WorkInProgres/MyProject/Content/NewMap/_Generated_/NewMap_MainGrid_L1_X-1_Y0_DL0.ubulk" 708
"E:/WorkInProgres/MyProject/Content/NewMap/_Generated_/NewMap_MainGrid_L1_X-1_Y0_DL0.umap" 709
"E:/WorkInProgres/MyProject/Content/NewMap/_Generated_/NewMap_MainGrid_L1_X1_Y0_DL0.uexp" 710
"E:/WorkInProgres/MyProject/Content/NewMap/_Generated_/NewMap_MainGrid_L1_X1_Y0_DL0.ubulk" 711
"E:/WorkInProgres/MyProject/Content/NewMap/_Generated_/NewMap_MainGrid_L1_X1_Y0_DL0.umap" 712
